"../../../Engine/Content/Maps/Templates/Thumbnails/Default.uasset" 0
"../../../Engine/Content/Maps/Templates/Thumbnails/VR-Basic.uasset" 1
"../../../Engine/Content/MobileResources/T_MobileControls_texture.uasset" 2
"../../../Engine/Content/MobileResources/T_MobileMenu2.uasset" 3
"../../../Engine/Content/MobileResources/HUD/MobileHUDDirectionPad3.uasset" 4
"../../../Engine/Content/MobileResources/HUD/MobileHUDButton2_off.uasset" 5
"../../../Engine/Content/MobileResources/HUD/MobileHUDButton3.uasset" 6
"../../../Engine/Content/MobileResources/HUD/T_Castle_ThumbstickInner.uasset" 7
"../../../Engine/Content/MobileResources/HUD/MobileHUDDirectionStick.uasset" 8
"../../../Engine/Content/MobileResources/HUD/VirtualJoystick_Background.uasset" 9
"../../../Engine/Content/MobileResources/HUD/VirtualJoystick_Thumb.uasset" 10
"../../../Engine/Content/MobileResources/HUD/DefaultVirtualJoysticks.uasset" 11
"../../../Engine/Content/MobileResources/HUD/T_Castle_ThumbstickOutter.uasset" 12
"../../../Engine/Content/MobileResources/HUD/MobileHUDButton2_on.uasset" 13
"../../../Engine/Content/MobileResources/HUD/MobileHUDDirectionPad2.uasset" 14
"../../../Engine/Content/MobileResources/HUD/MobileHUDDirectionPad.uasset" 15
"../../../Engine/Content/MobileResources/HUD/AnalogHat.uasset" 16
"../../../Engine/Content/MobileResources/HUD/MobileHUDButton1_on.uasset" 17
"../../../Engine/Content/MobileResources/HUD/MobileHUDButtonFire.uasset" 18
"../../../Engine/Content/MobileResources/HUD/LeftVirtualJoystickOnly.uasset" 19
"../../../Engine/Content/MobileResources/HUD/MobileHUDButton1_off.uasset" 20
"../../../Engine/Content/Tutorial/ContentIntroCurve.uasset" 21
"../../../Engine/Content/Tutorial/Basics/TutorialAssets/icon_tab_Levels_40x.uasset" 22
"../../../Engine/Content/Tutorial/Basics/LevelEditorOverview.uasset" 23
"../../../Engine/Content/Tutorial/Basics/LevelEditorAttract.uasset" 24
"../../../Engine/Content/Tutorial/BlueprintTutorials/TutorialAssets/Blueprint_64x.uasset" 25
"../../../Engine/Content/Tutorial/BlueprintTutorials/BlueprintEditorTutorial.uasset" 26
"../../../Engine/Content/EditorBlueprintResources/StandardMacros.uasset" 27
"../../../Engine/Content/Tutorial/Landscape/TutorialAssets/Landscape.uasset" 28
"../../../Engine/Content/Tutorial/Landscape/Landscape_Painting_Mode.uasset" 29
"../../../Engine/Content/Tutorial/Landscape/Landscape_Manage_Mode.uasset" 30
"../../../Engine/Content/Tutorial/Landscape/Landscape_Sculpt_Mode.uasset" 31
"../../../Engine/Content/Tutorial/Landscape/LandscapeWalkThrough.uasset" 32
"../../../Engine/Content/EngineResources/DefaultTextureCube.uasset" 33
"../../../Engine/Content/EngineResources/DefaultTexture.uasset" 34
"../../../Engine/Content/EngineResources/DefaultVolumeTexture2D.uasset" 35
"../../../Engine/Content/EngineResources/DefaultVolumeTexture.uasset" 36
"../../../Engine/Content/EngineResources/GradientTexture0.uasset" 37
"../../../Engine/Content/EditorLandscapeResources/DataLayer.uasset" 38
"../../../Engine/Content/EditorSounds/Notifications/CompileSuccess.uasset" 39
"../../../Engine/Content/EditorSounds/Notifications/CompileSuccess_Cue.uasset" 40
"../../../Engine/Content/EditorSounds/Notifications/CompileFailed.uasset" 41
"../../../Engine/Content/EditorSounds/Notifications/CompileFailed_Cue.uasset" 42
"../../../Engine/Content/EditorSounds/Notifications/CompileStart_Cue.uasset" 43
"../../../Engine/Content/EditorMaterials/Camera/CineMat.uasset" 44
"../../../Engine/Content/EditorMaterials/Camera/MI_CineMat_Rig.uasset" 45
"../../../Engine/Content/EditorMeshes/Camera/SM_CraneRig_Body.uasset" 46
"../../../Engine/Content/EditorMeshes/Camera/SM_RailRig_Mount.uasset" 47
"../../../Engine/Content/EditorMeshes/Camera/SM_CraneRig_Base.uasset" 48
"../../../Engine/Content/EditorMeshes/Camera/SM_CraneRig_Mount.uasset" 49
"../../../Engine/Content/EditorMeshes/Camera/SM_CraneRig_Arm.uasset" 50
"../../../Engine/Content/EditorMeshes/Camera/SM_RailRig_Track.uasset" 51
"../../../Engine/Content/EngineFonts/Faces/RobotoTiny.uasset" 52
"../../../Engine/Content/EngineFonts/RobotoTiny.uasset" 53
"../../../Engine/Content/EngineFonts/Faces/RobotoBold.uasset" 54
"../../../Engine/Content/EngineFonts/Faces/RobotoBoldItalic.uasset" 55
"../../../Engine/Content/EngineFonts/Faces/RobotoItalic.uasset" 56
"../../../Engine/Content/EngineFonts/Faces/RobotoLight.uasset" 57
"../../../Engine/Content/EngineFonts/Faces/RobotoRegular.uasset" 58
"../../../Engine/Content/EngineFonts/Roboto.uasset" 59
"../../../Engine/Content/EngineDamageTypes/DmgTypeBP_Environmental.uasset" 60
"../../../Engine/Content/Functions/Engine_MaterialFunctions01/Opacity/CameraDepthFade.uasset" 61
"../../../Engine/Content/EngineMaterials/T_Default_Material_Grid_M.uasset" 62
"../../../Engine/Content/EngineMaterials/T_Default_Material_Grid_N.uasset" 63
"../../../Engine/Content/EngineMaterials/WorldGridMaterial.uasset" 64
"../../../Engine/Content/ArtTools/RenderToTexture/Meshes/S_1_Unit_Plane.uasset" 65
"../../../Engine/Content/Animation/DefaultAnimCurveCompressionSettings.uasset" 66
"../../../Engine/Content/EngineResources/WhiteSquareTexture.uasset" 67
"../../../Engine/Content/EngineMaterials/Widget3DPassThrough.uasset" 68
"../../../Engine/Content/EngineMaterials/Widget3DPassThrough_Masked.uasset" 69
"../../../Engine/Content/EngineMaterials/WeightMapPlaceholderTexture.uasset" 70
"../../../Engine/Content/EngineMaterials/Widget3DPassThrough_Translucent.uasset" 71
"../../../Engine/Content/EngineMaterials/Widget3DPassThrough_Translucent_OneSided.uasset" 72
"../../../Engine/Content/EngineMaterials/EditorBrushMaterial.uasset" 73
"../../../Engine/Content/Functions/Engine_MaterialFunctions02/WorldPositionOffset/CameraOffset.uasset" 74
"../../../Engine/Content/EngineMaterials/PhAT_JointLimitMaterial.uasset" 75
"../../../Engine/Content/EngineMaterials/Widget3DPassThrough_Opaque.uasset" 76
"../../../Engine/Content/EngineMaterials/Widget3DPassThrough_Masked_OneSided.uasset" 77
"../../../Engine/Content/EngineMaterials/Good64x64TilingNoiseHighFreq.uasset" 78
"../../../Engine/Content/EngineMaterials/DefaultBloomKernel.uasset" 79
"../../../Engine/Content/EngineMaterials/RemoveSurfaceMaterial.uasset" 80
"../../../Engine/Content/EngineMaterials/DefaultDiffuse.uasset" 81
"../../../Engine/Content/EngineMaterials/DefaultDeferredDecalMaterial.uasset" 82
"../../../Engine/Content/Functions/Engine_MaterialFunctions02/Utility/BreakOutFloat2Components.uasset" 83
"../../../Engine/Content/EngineMaterials/DefaultPostProcessMaterial.uasset" 84
"../../../Engine/Content/EngineMaterials/BaseFlattenDiffuseMap.uasset" 85
"../../../Engine/Content/EngineMaterials/BaseFlattenEmissiveMap.uasset" 86
"../../../Engine/Content/EngineMaterials/BaseFlattenGrayscaleMap.uasset" 87
"../../../Engine/Content/EngineMaterials/BaseFlattenNormalMap.uasset" 88
"../../../Engine/Content/EngineMaterials/BaseFlattenMaterial.uasset" 89
"../../../Engine/Content/EngineMaterials/InvalidLightmapSettings.uasset" 90
"../../../Engine/Content/EngineMaterials/M_InvalidLightmapSettings.uasset" 91
"../../../Engine/Content/EngineFonts/RobotoDistanceField.uasset" 92
"../../../Engine/Content/EngineMaterials/DefaultTextMaterialOpaque.uasset" 93
"../../../Engine/Content/EngineMaterials/PreintegratedSkinBRDF.uasset" 94
"../../../Engine/Content/EngineMaterials/Widget3DPassThrough_Opaque_OneSided.uasset" 95
"../../../Engine/Content/EngineMaterials/DefaultBokeh.uasset" 96
"../../../Engine/Content/EngineMaterials/DefaultLightFunctionMaterial.uasset" 97
"../../../Engine/Content/EngineMaterials/MiniFont.uasset" 98
"../../../Engine/Content/EngineMaterials/DefaultWhiteGrid.uasset" 99
"../../../Engine/Content/EngineDebugMaterials/DebugEditorMaterial.uasset" 100
"../../../Engine/Content/EngineDebugMaterials/GeomMaterial.uasset" 101
"../../../Engine/Content/EngineDebugMaterials/HeatmapGradient.uasset" 102
"../../../Engine/Content/EngineDebugMaterials/BoneWeightMaterial.uasset" 103
"../../../Engine/Content/EngineDebugMaterials/ClothMaterial.uasset" 104
"../../../Engine/Content/EngineDebugMaterials/ClothMaterial_WF.uasset" 105
"../../../Engine/Content/EngineDebugMaterials/DebugMeshMaterial.uasset" 106
"../../../Engine/Content/EngineDebugMaterials/M_SimpleTranslucent.uasset" 107
"../../../Engine/Content/EditorResources/S_Note.uasset" 108
"../../../Engine/Content/EditorResources/S_Trigger.uasset" 109
"../../../Engine/Content/EditorResources/S_Actor.uasset" 110
"../../../Engine/Content/EditorResources/EmptyActor.uasset" 111
"../../../Engine/Content/EditorResources/BSPVertex.uasset" 112
"../../../Engine/Content/EditorResources/SequenceRecorder/Countdown.uasset" 113
"../../../Engine/Content/EditorResources/SequenceRecorder/RecordingIndicator.uasset" 114
"../../../Engine/Content/EditorResources/LightIcons/S_LightError.uasset" 115
"../../../Engine/Content/EngineMaterials/DefaultMaterial.uasset" 116
"../../../Engine/Content/BasicShapes/Cone.uasset" 117
"../../../Engine/Content/BasicShapes/Cube.uasset" 118
"../../../Engine/Content/BasicShapes/Cylinder.uasset" 119
"../../../Engine/Content/BasicShapes/Plane.uasset" 120
"../../../Engine/Content/BasicShapes/Sphere.uasset" 121
"../../../Engine/Content/Functions/Engine_MaterialFunctions01/Shading/ConvertFromDiffSpec.uasset" 122
"../../../Engine/Content/Functions/Engine_MaterialFunctions01/Shading/PowerToRoughness.uasset" 123
"../../../Engine/Content/EditorMaterials/PreviewShadowIndicator.uasset" 124
"../../../Engine/Content/EditorMaterials/PreviewShadowIndicatorMaterial.uasset" 125
"../../../Engine/Content/EditorMaterials/GizmoMaterial.uasset" 126
"../../../Engine/Content/EditorMaterials/MAT_Groups_Toggle.uasset" 127
"../../../Engine/Content/EditorMaterials/MAT_Groups_Visibility.uasset" 128
"../../../Engine/Content/EditorMaterials/ParticleSystems/PSysThumbnail_NoImage.uasset" 129
"../../../Engine/Content/EditorMaterials/ParticleSystems/PSysThumbnail_OOD.uasset" 130
"../../../Engine/Content/EditorMaterials/MatineeGroups/MAT_Groups_Vector.uasset" 131
"../../../Engine/Content/EditorMaterials/MatineeGroups/MAT_ColorTrack.uasset" 132
"../../../Engine/Content/EditorMaterials/MatineeGroups/MAT_Groups_AudioMaster.uasset" 133
"../../../Engine/Content/EditorMaterials/MatineeGroups/MAT_Groups_Sound.uasset" 134
"../../../Engine/Content/EditorMaterials/MatineeGroups/MAT_Groups_Float.uasset" 135
"../../../Engine/Content/EditorMaterials/MatineeGroups/MAT_Groups_Director.uasset" 136
"../../../Engine/Content/EditorMaterials/MatineeGroups/MAT_Groups_Move.uasset" 137
"../../../Engine/Content/EditorMaterials/MatineeGroups/MAT_Groups_Event.uasset" 138
"../../../Engine/Content/EditorMaterials/MatineeGroups/MAT_Groups_Fade.uasset" 139
"../../../Engine/Content/EditorMaterials/MatineeGroups/MAT_Groups_Anim.uasset" 140
"../../../Engine/Content/EditorMaterials/MatineeGroups/MAT_Groups_Slomo.uasset" 141
"../../../Engine/Content/EngineSounds/Master.uasset" 142
"../../../Engine/Content/EngineMeshes/Cylinder.uasset" 143
"../../../Engine/Content/EngineMeshes/Sphere.uasset" 144
"../../../Engine/Content/VREditor/LaserPointer/VR_LaserPower_01.uasset" 145
"../../../Engine/Content/VREditor/TransformGizmo/TransformGizmoMaterial.uasset" 146
"../../../Engine/Content/VREditor/TransformGizmo/TranslucentTransformGizmoMaterial.uasset" 147
"../../../Engine/Content/VREditor/TransformGizmo/PlaneTranslationHandle.uasset" 148
"../../../Engine/Content/VREditor/TransformGizmo/Main.uasset" 149
"../../../Engine/Content/VREditor/TransformGizmo/Xray.uasset" 150
"../../../Engine/Content/VREditor/TransformGizmo/SM_Sequencer_Key.uasset" 151
"../../../Engine/Content/VREditor/TransformGizmo/BoundingBoxCorner.uasset" 152
"../../../Engine/Content/VREditor/TransformGizmo/SM_Sequencer_Node.uasset" 153
"../../../Engine/Content/VREditor/TransformGizmo/BoundingBoxEdge.uasset" 154
"../../Plugins/2D/Paper2D/Content/PlaceholderTextures/DummySpriteTexture.uasset" 155
"../../Plugins/2D/Paper2D/Content/DummySpriteTexture.uasset" 156
"../../Plugins/2D/Paper2D/Content/DefaultSpriteMaterial.uasset" 157
"../../Plugins/2D/Paper2D/Content/OpaqueUnlitSpriteMaterial.uasset" 158
"../../Plugins/2D/Paper2D/Content/DummySprite.uasset" 159
"../../Plugins/2D/Paper2D/Content/DefaultPaperTerrainMaterial.uasset" 160
"../../Plugins/2D/Paper2D/Content/MaskedUnlitSpriteMaterial.uasset" 161
"../../../Engine/Content/EngineSky/C_Sky_Cloud_Color.uasset" 162
"../../../Engine/Content/EngineSky/C_Sky_Horizon_Color.uasset" 163
"../../../Engine/Content/EngineSky/C_Sky_Zenith_Color.uasset" 164
"../../../Engine/Content/EngineSky/T_Sky_Blue.uasset" 165
"../../../Engine/Content/EngineSky/T_Sky_Clouds_M.uasset" 166
"../../../Engine/Content/EngineSky/T_Sky_Stars.uasset" 167
"../../../Engine/Content/EngineSky/M_Sky_Panning_Clouds2.uasset" 168
"../../../Engine/Content/EngineSky/SM_SkySphere.uasset" 169
"../../../Engine/Content/EngineSky/BP_Sky_Sphere.uasset" 170
"../../../Engine/Content/EngineResources/Black.uasset" 171
"../../../../../../Ashley/Documents/ForestHuntCleaned/ForestHunt/Content/InfinityBladeEffects/Effects/Masters/M_Add_Sprite_Master_DepthFade.uasset" 172
"../../../../../../Ashley/Documents/ForestHuntCleaned/ForestHunt/Content/InfinityBladeEffects/Effects/FX_Textures/Gradient/T_starFlare_01.uasset" 173
"../../../../../../Ashley/Documents/ForestHuntCleaned/ForestHunt/Content/InfinityBladeEffects/Effects/FX_Materials/Gradient/M_Flare_01_INST.uasset" 174
"../../../../../../Ashley/Documents/ForestHuntCleaned/ForestHunt/Content/InfinityBladeEffects/Effects/FX_Textures/Gradient/T_SoftFallOff.uasset" 175
"../../../../../../Ashley/Documents/ForestHuntCleaned/ForestHunt/Content/InfinityBladeEffects/Effects/FX_Materials/Gradient/M_Flare_03_INST.uasset" 176
"../../../../../../Ashley/Documents/ForestHuntCleaned/ForestHunt/Content/InfinityBladeEffects/Effects/FX_Treasure/Loot/P_Loot_Idle_Loop.uasset" 177
"../../../../../../Ashley/Documents/ForestHuntCleaned/ForestHunt/Content/InfinityBladeEffects/Effects/FX_Textures/Gradient/T_starFlare_02.uasset" 178
"../../../../../../Ashley/Documents/ForestHuntCleaned/ForestHunt/Content/InfinityBladeEffects/Effects/FX_Materials/Gradient/M_Flare_02_INST.uasset" 179
"../../../../../../Ashley/Documents/ForestHuntCleaned/ForestHunt/Content/InfinityBladeEffects/Effects/Masters/M_Add_Sprite_Master.uasset" 180
"../../../../../../Ashley/Documents/ForestHuntCleaned/ForestHunt/Content/InfinityBladeEffects/Effects/FX_Textures/Gradient/T_LightCone.uasset" 181
"../../../../../../Ashley/Documents/ForestHuntCleaned/ForestHunt/Content/InfinityBladeEffects/Effects/FX_Materials/Gradient/M_Flare_Vertical_02_Inst.uasset" 182
"../../../../../../Ashley/Documents/ForestHuntCleaned/ForestHunt/Content/InfinityBladeEffects/Effects/FX_Treasure/Loot/P_Loot_Pickup.uasset" 183
"../../../../../../Ashley/Documents/ForestHuntCleaned/ForestHunt/Content/AdvancedVillagePack/Textures/T_Detail_N.uasset" 184
"../../../../../../Ashley/Documents/ForestHuntCleaned/ForestHunt/Content/Props/Materials/_Black.uasset" 185
"../../../../../../Ashley/Documents/ForestHuntCleaned/ForestHunt/Content/Props/Meshes/Backpack_01.uasset" 186
"../../../../../../Ashley/Documents/ForestHuntCleaned/ForestHunt/Content/Sounds/376745__zenithinfinitivestudios__fantasy-ui-button-3.uasset" 187
"../../../../../../Ashley/Documents/ForestHuntCleaned/ForestHunt/Content/Sounds/CollectibleSound_Cue.uasset" 188
"../../../../../../Ashley/Documents/ForestHuntCleaned/ForestHunt/Content/Blueprints/Collectibles/Collectible_Backback_BP.uasset" 189
"../../../../../../Ashley/Documents/ForestHuntCleaned/ForestHunt/Content/Props/Materials/Mat.uasset" 190
"../../../../../../Ashley/Documents/ForestHuntCleaned/ForestHunt/Content/Props/Materials/Mat_1.uasset" 191
"../../../../../../Ashley/Documents/ForestHuntCleaned/ForestHunt/Content/Props/Materials/Mat_2.uasset" 192
"../../../../../../Ashley/Documents/ForestHuntCleaned/ForestHunt/Content/Props/Materials/Mat_3.uasset" 193
"../../../../../../Ashley/Documents/ForestHuntCleaned/ForestHunt/Content/Props/Meshes/headphone.uasset" 194
"../../../../../../Ashley/Documents/ForestHuntCleaned/ForestHunt/Content/Blueprints/Collectibles/Collectible_Headphones_BP.uasset" 195
"../../../../../../Ashley/Documents/ForestHuntCleaned/ForestHunt/Content/SchoolBookSet/Textures/T_Notebook_1_color_c1.uasset" 196
"../../../../../../Ashley/Documents/ForestHuntCleaned/ForestHunt/Content/SchoolBookSet/Textures/T_Notebook_1_metalness.uasset" 197
"../../../../../../Ashley/Documents/ForestHuntCleaned/ForestHunt/Content/SchoolBookSet/Textures/T_Notebook_1_normal.uasset" 198
"../../../../../../Ashley/Documents/ForestHuntCleaned/ForestHunt/Content/SchoolBookSet/Textures/T_Notebook_1_roughness.uasset" 199
"../../../../../../Ashley/Documents/ForestHuntCleaned/ForestHunt/Content/SchoolBookSet/Materials/M_Notebook_1_c1.uasset" 200
"../../../../../../Ashley/Documents/ForestHuntCleaned/ForestHunt/Content/SchoolBookSet/Meshes/SM_Notebook_1_v1.uasset" 201
"../../../../../../Ashley/Documents/ForestHuntCleaned/ForestHunt/Content/Blueprints/Collectibles/Collectible_Notebook1_BP.uasset" 202
"../../../../../../Ashley/Documents/ForestHuntCleaned/ForestHunt/Content/SchoolBookSet/Textures/T_Notebook_2_color_c1.uasset" 203
"../../../../../../Ashley/Documents/ForestHuntCleaned/ForestHunt/Content/SchoolBookSet/Textures/T_Notebook_2_normal.uasset" 204
"../../../../../../Ashley/Documents/ForestHuntCleaned/ForestHunt/Content/SchoolBookSet/Textures/T_Notebook_2_roughness.uasset" 205
"../../../../../../Ashley/Documents/ForestHuntCleaned/ForestHunt/Content/SchoolBookSet/Materials/M_Notebook_2_c1.uasset" 206
"../../../../../../Ashley/Documents/ForestHuntCleaned/ForestHunt/Content/SchoolBookSet/Meshes/SM_Notebook_2_v1.uasset" 207
"../../../../../../Ashley/Documents/ForestHuntCleaned/ForestHunt/Content/Blueprints/Collectibles/Collectible_Notebook2_BP.uasset" 208
"../../../../../../Ashley/Documents/ForestHuntCleaned/ForestHunt/Content/SchoolBookSet/Textures/T_Notebook_3_color_c1.uasset" 209
"../../../../../../Ashley/Documents/ForestHuntCleaned/ForestHunt/Content/SchoolBookSet/Textures/T_Notebook_3_normal.uasset" 210
"../../../../../../Ashley/Documents/ForestHuntCleaned/ForestHunt/Content/SchoolBookSet/Textures/T_Notebook_3_roughness.uasset" 211
"../../../../../../Ashley/Documents/ForestHuntCleaned/ForestHunt/Content/SchoolBookSet/Materials/M_Notebook_3_c1.uasset" 212
"../../../../../../Ashley/Documents/ForestHuntCleaned/ForestHunt/Content/SchoolBookSet/Meshes/SM_Notebook_3_v1.uasset" 213
"../../../../../../Ashley/Documents/ForestHuntCleaned/ForestHunt/Content/Blueprints/Collectibles/Collectible_Notebook3_BP.uasset" 214
"../../../../../../Ashley/Documents/ForestHuntCleaned/ForestHunt/Content/SchoolBookSet/Textures/T_Notebook_1_color_c2.uasset" 215
"../../../../../../Ashley/Documents/ForestHuntCleaned/ForestHunt/Content/SchoolBookSet/Materials/M_Notebook_1_c2.uasset" 216
"../../../../../../Ashley/Documents/ForestHuntCleaned/ForestHunt/Content/Blueprints/Collectibles/Collectible_Notebook4_BP.uasset" 217
"../../../../../../Ashley/Documents/ForestHuntCleaned/ForestHunt/Content/Props/Materials/NL_2520_BCam_Cap_Chrom__Black.uasset" 218
"../../../../../../Ashley/Documents/ForestHuntCleaned/ForestHunt/Content/Props/Materials/NL_2520_BCam_Cap_Gloss__Black.uasset" 219
"../../../../../../Ashley/Documents/ForestHuntCleaned/ForestHunt/Content/Props/Materials/NL_2520_BCam_Cap_PBlack__Black.uasset" 220
"../../../../../../Ashley/Documents/ForestHuntCleaned/ForestHunt/Content/Props/Materials/NL_2520_BCLens__Black.uasset" 221
"../../../../../../Ashley/Documents/ForestHuntCleaned/ForestHunt/Content/Props/Materials/NL_2520_BCLens__Black_ncl1_1.uasset" 222
"../../../../../../Ashley/Documents/ForestHuntCleaned/ForestHunt/Content/Props/Materials/NL_2520_BCLens_Frame__Black.uasset" 223
"../../../../../../Ashley/Documents/ForestHuntCleaned/ForestHunt/Content/Props/Textures/NL_2520_B_Body_Diff.uasset" 224
"../../../../../../Ashley/Documents/ForestHuntCleaned/ForestHunt/Content/Props/Materials/NL_2520_Body__Black.uasset" 225
"../../../../../../Ashley/Documents/ForestHuntCleaned/ForestHunt/Content/Props/Materials/NL_2520_Body__Black_ncl1_1.uasset" 226
"../../../../../../Ashley/Documents/ForestHuntCleaned/ForestHunt/Content/Props/Materials/NL_2520_Buttons__Black.uasset" 227
"../../../../../../Ashley/Documents/ForestHuntCleaned/ForestHunt/Content/Props/Materials/NL_2520_Charging_Plug_Pin__Black.uasset" 228
"../../../../../../Ashley/Documents/ForestHuntCleaned/ForestHunt/Content/Props/Materials/NL_2520_HDMI_Socket_MFrame__Black.uasset" 229
"../../../../../../Ashley/Documents/ForestHuntCleaned/ForestHunt/Content/Props/Materials/NL_2520_Keybord_Adaptor__Black.uasset" 230
"../../../../../../Ashley/Documents/ForestHuntCleaned/ForestHunt/Content/Props/Materials/NL_2520_Keybord_Adaptor_YPins__Black.uasset" 231
"../../../../../../Ashley/Documents/ForestHuntCleaned/ForestHunt/Content/Props/Materials/NL_2520_Nokia_Word__Black.uasset" 232
"../../../../../../Ashley/Documents/ForestHuntCleaned/ForestHunt/Content/Props/Textures/NL_2520_Screen_Opac.uasset" 233
"../../../../../../Ashley/Documents/ForestHuntCleaned/ForestHunt/Content/Props/Materials/NL_2520_Screen__Black.uasset" 234
"../../../../../../Ashley/Documents/ForestHuntCleaned/ForestHunt/Content/Props/Materials/NL_2520_Speaker_Protector_Frame__Black.uasset" 235
"../../../../../../Ashley/Documents/ForestHuntCleaned/ForestHunt/Content/Props/Materials/NL_2520_SSocket__Black.uasset" 236
"../../../../../../Ashley/Documents/ForestHuntCleaned/ForestHunt/Content/Props/Materials/NL_2520_SSocket_Inner_Metal__Black.uasset" 237
"../../../../../../Ashley/Documents/ForestHuntCleaned/ForestHunt/Content/Props/Materials/NL_2520_SSocket_YMetal__Black.uasset" 238
"../../../../../../Ashley/Documents/ForestHuntCleaned/ForestHunt/Content/Props/Materials/NL_2520_USB_Socket_MFrame__Black.uasset" 239
"../../../../../../Ashley/Documents/ForestHuntCleaned/ForestHunt/Content/Props/Materials/NL_2520_USB_Socket_PTongue_BPlastik__Black.uasset" 240
"../../../../../../Ashley/Documents/ForestHuntCleaned/ForestHunt/Content/Props/Materials/NL_2520_USB_Socket_PTongue_YMetal__Black.uasset" 241
"../../../../../../Ashley/Documents/ForestHuntCleaned/ForestHunt/Content/Props/Materials/NL_2520_USB_Socket_Slot__Black.uasset" 242
"../../../../../../Ashley/Documents/ForestHuntCleaned/ForestHunt/Content/Props/Meshes/NL_2520_Black.uasset" 243
"../../../../../../Ashley/Documents/ForestHuntCleaned/ForestHunt/Content/Blueprints/Collectibles/Collectible_Tablet_BP.uasset" 244
"../../../../../../Ashley/Documents/ForestHuntCleaned/ForestHunt/Content/Props/Textures/book_1_2_ALB.uasset" 245
"../../../../../../Ashley/Documents/ForestHuntCleaned/ForestHunt/Content/Props/Materials/M_Textbook1.uasset" 246
"../../../../../../Ashley/Documents/ForestHuntCleaned/ForestHunt/Content/Props/Meshes/textbook01.uasset" 247
"../../../../../../Ashley/Documents/ForestHuntCleaned/ForestHunt/Content/Blueprints/Collectibles/Collectible_Textbook1_BP.uasset" 248
"../../../../../../Ashley/Documents/ForestHuntCleaned/ForestHunt/Content/Props/Meshes/textbook02.uasset" 249
"../../../../../../Ashley/Documents/ForestHuntCleaned/ForestHunt/Content/Blueprints/Collectibles/Collectible_Textbook2_BP.uasset" 250
"../../../../../../Ashley/Documents/ForestHuntCleaned/ForestHunt/Content/Character/Mesh/remy_Skeleton.uasset" 251
"../../../../../../Ashley/Documents/ForestHuntCleaned/ForestHunt/Content/Character/Animations/Fall_A_Loop.uasset" 252
"../../../../../../Ashley/Documents/ForestHuntCleaned/ForestHunt/Content/Character/Animations/Jumping_Down.uasset" 253
"../../../../../../Ashley/Documents/ForestHuntCleaned/ForestHunt/Content/Character/Animations/Jumping_Up.uasset" 254
"../../../../../../Ashley/Documents/ForestHuntCleaned/ForestHunt/Content/Character/Animations/Idle.uasset" 255
"../../../../../../Ashley/Documents/ForestHuntCleaned/ForestHunt/Content/Character/Animations/Jog_Forward.uasset" 256
"../../../../../../Ashley/Documents/ForestHuntCleaned/ForestHunt/Content/Character/Animations/Walking.uasset" 257
"../../../../../../Ashley/Documents/ForestHuntCleaned/ForestHunt/Content/Character/Animations/IdleWalkRun.uasset" 258
"../../../../../../Ashley/Documents/ForestHuntCleaned/ForestHunt/Content/Blueprints/MainCharAnim_BP.uasset" 259
"../../../../../../Ashley/Documents/ForestHuntCleaned/ForestHunt/Content/Character/Mesh/Textures/Remy_Body_Diffuse.uasset" 260
"../../../../../../Ashley/Documents/ForestHuntCleaned/ForestHunt/Content/Character/Mesh/Textures/Remy_Body_Gloss.uasset" 261
"../../../../../../Ashley/Documents/ForestHuntCleaned/ForestHunt/Content/Character/Mesh/Textures/Remy_Body_Normal.uasset" 262
"../../../../../../Ashley/Documents/ForestHuntCleaned/ForestHunt/Content/Character/Mesh/Textures/Remy_Body_Specular.uasset" 263
"../../../../../../Ashley/Documents/ForestHuntCleaned/ForestHunt/Content/Character/Mesh/Materials/Bodymat.uasset" 264
"../../../../../../Ashley/Documents/ForestHuntCleaned/ForestHunt/Content/Character/Mesh/Textures/Remy_Bottom_Diffuse.uasset" 265
"../../../../../../Ashley/Documents/ForestHuntCleaned/ForestHunt/Content/Character/Mesh/Textures/Remy_Bottom_Gloss.uasset" 266
"../../../../../../Ashley/Documents/ForestHuntCleaned/ForestHunt/Content/Character/Mesh/Textures/Remy_Bottom_Normal.uasset" 267
"../../../../../../Ashley/Documents/ForestHuntCleaned/ForestHunt/Content/Character/Mesh/Textures/Remy_Bottom_Opacity.uasset" 268
"../../../../../../Ashley/Documents/ForestHuntCleaned/ForestHunt/Content/Character/Mesh/Textures/Remy_Bottom_Specular.uasset" 269
"../../../../../../Ashley/Documents/ForestHuntCleaned/ForestHunt/Content/Character/Mesh/Materials/Bottommat.uasset" 270
"../../../../../../Ashley/Documents/ForestHuntCleaned/ForestHunt/Content/Character/Mesh/Textures/Remy_Hair_Diffuse.uasset" 271
"../../../../../../Ashley/Documents/ForestHuntCleaned/ForestHunt/Content/Character/Mesh/Textures/Remy_Hair_Gloss.uasset" 272
"../../../../../../Ashley/Documents/ForestHuntCleaned/ForestHunt/Content/Character/Mesh/Textures/Remy_Hair_Normal.uasset" 273
"../../../../../../Ashley/Documents/ForestHuntCleaned/ForestHunt/Content/Character/Mesh/Textures/Remy_Hair_Opacity.uasset" 274
"../../../../../../Ashley/Documents/ForestHuntCleaned/ForestHunt/Content/Character/Mesh/Textures/Remy_Hair_Specular.uasset" 275
"../../../../../../Ashley/Documents/ForestHuntCleaned/ForestHunt/Content/Character/Mesh/Materials/Hairmat.uasset" 276
"../../../../../../Ashley/Documents/ForestHuntCleaned/ForestHunt/Content/Character/Mesh/Textures/Remy_Shoes_Diffuse.uasset" 277
"../../../../../../Ashley/Documents/ForestHuntCleaned/ForestHunt/Content/Character/Mesh/Textures/Remy_Shoes_Gloss.uasset" 278
"../../../../../../Ashley/Documents/ForestHuntCleaned/ForestHunt/Content/Character/Mesh/Textures/Remy_Shoes_Normal.uasset" 279
"../../../../../../Ashley/Documents/ForestHuntCleaned/ForestHunt/Content/Character/Mesh/Textures/Remy_Shoes_Opacity.uasset" 280
"../../../../../../Ashley/Documents/ForestHuntCleaned/ForestHunt/Content/Character/Mesh/Textures/Remy_Shoes_Specular.uasset" 281
"../../../../../../Ashley/Documents/ForestHuntCleaned/ForestHunt/Content/Character/Mesh/Materials/Shoesmat.uasset" 282
"../../../../../../Ashley/Documents/ForestHuntCleaned/ForestHunt/Content/Character/Mesh/Textures/Remy_Top_Diffuse.uasset" 283
"../../../../../../Ashley/Documents/ForestHuntCleaned/ForestHunt/Content/Character/Mesh/Textures/Remy_Top_Gloss.uasset" 284
"../../../../../../Ashley/Documents/ForestHuntCleaned/ForestHunt/Content/Character/Mesh/Textures/Remy_Top_Normal.uasset" 285
"../../../../../../Ashley/Documents/ForestHuntCleaned/ForestHunt/Content/Character/Mesh/Textures/Remy_Top_Opacity.uasset" 286
"../../../../../../Ashley/Documents/ForestHuntCleaned/ForestHunt/Content/Character/Mesh/Textures/Remy_Top_Specular.uasset" 287
"../../../../../../Ashley/Documents/ForestHuntCleaned/ForestHunt/Content/Character/Mesh/Materials/Topmat.uasset" 288
"../../../../../../Ashley/Documents/ForestHuntCleaned/ForestHunt/Content/Character/Mesh/remy_PhysicsAsset.uasset" 289
"../../../../../../Ashley/Documents/ForestHuntCleaned/ForestHunt/Content/Character/Mesh/remy.uasset" 290
"../../../../../../Ashley/Documents/ForestHuntCleaned/ForestHunt/Content/Sounds/failure.uasset" 291
"../../../../../../Ashley/Documents/ForestHuntCleaned/ForestHunt/Content/Sounds/Failure_Cue.uasset" 292
"../../../../../../Ashley/Documents/ForestHuntCleaned/ForestHunt/Content/Sounds/fanfare.uasset" 293
"../../../../../../Ashley/Documents/ForestHuntCleaned/ForestHunt/Content/Sounds/Win_Cue.uasset" 294
"../../../../../../Ashley/Documents/ForestHuntCleaned/ForestHunt/Content/Blueprints/MainCharacter_BP.uasset" 295
"../../../../../../Ashley/Documents/ForestHuntCleaned/ForestHunt/Content/HUD/Countdown.uasset" 296
"../../../../../../Ashley/Documents/ForestHuntCleaned/ForestHunt/Content/HUD/Items.uasset" 297
"../../../../../../Ashley/Documents/ForestHuntCleaned/ForestHunt/Content/HUD/HUDOverlay.uasset" 298
"../../../../../../Ashley/Documents/ForestHuntCleaned/ForestHunt/Content/Blueprints/MainPlayerController_BP.uasset" 299
"../../../../../../Ashley/Documents/ForestHuntCleaned/ForestHunt/Content/Blueprints/ForestHuntGameModeBase_BP.uasset" 300
"../../../../../../Ashley/Documents/ForestHuntCleaned/ForestHunt/Content/Maps/MainMap_sharedassets/Grass_LayerInfo.uasset" 301
"../../../../../../Ashley/Documents/ForestHuntCleaned/ForestHunt/Content/Maps/MainMap_sharedassets/Soil_LayerInfo.uasset" 302
"../../../../../../Ashley/Documents/ForestHuntCleaned/ForestHunt/Content/Maps/MainMap_BuiltData.uasset" 303
"../../../../../../Ashley/Documents/ForestHuntCleaned/ForestHunt/Content/AdvancedVillagePack/Textures/Landscape/T_Landscape_Grass_DH.uasset" 304
"../../../../../../Ashley/Documents/ForestHuntCleaned/ForestHunt/Content/AdvancedVillagePack/Textures/Landscape/T_Landscape_Grass_N.uasset" 305
"../../../../../../Ashley/Documents/ForestHuntCleaned/ForestHunt/Content/AdvancedVillagePack/Textures/Landscape/T_Landscape_Soil_DH.uasset" 306
"../../../../../../Ashley/Documents/ForestHuntCleaned/ForestHunt/Content/AdvancedVillagePack/Textures/Landscape/T_Landscape_Soil_N.uasset" 307
"../../../../../../Ashley/Documents/ForestHuntCleaned/ForestHunt/Content/Materials/Landscape_M.uasset" 308
"../../../Engine/Content/EngineMaterials/DefaultPhysicalMaterial.uasset" 309
"../../../../../../Ashley/Documents/ForestHuntCleaned/ForestHunt/Content/AdvancedVillagePack/Textures/T_Pack_01_D.uasset" 310
"../../../../../../Ashley/Documents/ForestHuntCleaned/ForestHunt/Content/AdvancedVillagePack/Textures/T_Pack_01_N.uasset" 311
"../../../../../../Ashley/Documents/ForestHuntCleaned/ForestHunt/Content/AdvancedVillagePack/Textures/T_Pack_01_RM.uasset" 312
"../../../../../../Ashley/Documents/ForestHuntCleaned/ForestHunt/Content/AdvancedVillagePack/Textures/T_Pack_03_E.uasset" 313
"../../../../../../Ashley/Documents/ForestHuntCleaned/ForestHunt/Content/AdvancedVillagePack/Materials/M_Uber.uasset" 314
"../../../../../../Ashley/Documents/ForestHuntCleaned/ForestHunt/Content/AdvancedVillagePack/Textures/T_Pack_07_D.uasset" 315
"../../../../../../Ashley/Documents/ForestHuntCleaned/ForestHunt/Content/AdvancedVillagePack/Textures/T_Pack_07_N.uasset" 316
"../../../../../../Ashley/Documents/ForestHuntCleaned/ForestHunt/Content/AdvancedVillagePack/Textures/T_Pack_07_RM.uasset" 317
"../../../../../../Ashley/Documents/ForestHuntCleaned/ForestHunt/Content/AdvancedVillagePack/Materials/M_Inst_Pack_07.uasset" 318
"../../../../../../Ashley/Documents/ForestHuntCleaned/ForestHunt/Content/AdvancedVillagePack/Meshes/SM_Bridge_Var01.uasset" 319
"../../../../../../Ashley/Documents/ForestHuntCleaned/ForestHunt/Content/AdvancedVillagePack/Textures/T_Pack_TreeLeafs_D.uasset" 320
"../../../../../../Ashley/Documents/ForestHuntCleaned/ForestHunt/Content/AdvancedVillagePack/Textures/T_Pack_TreeLeafs_Mask.uasset" 321
"../../../../../../Ashley/Documents/ForestHuntCleaned/ForestHunt/Content/AdvancedVillagePack/Textures/T_Pack_TreeLeafs_N.uasset" 322
"../../../../../../Ashley/Documents/ForestHuntCleaned/ForestHunt/Content/AdvancedVillagePack/Textures/T_Pack_TreeLeafs_O.uasset" 323
"../../../../../../Ashley/Documents/ForestHuntCleaned/ForestHunt/Content/AdvancedVillagePack/Textures/T_Pack_TreeLeafs_RM.uasset" 324
"../../../../../../Ashley/Documents/ForestHuntCleaned/ForestHunt/Content/AdvancedVillagePack/Materials/M_Uber_Cutout_Wind.uasset" 325
"../../../../../../Ashley/Documents/ForestHuntCleaned/ForestHunt/Content/AdvancedVillagePack/Textures/Landscape/T_Foliage_Var01_D.uasset" 326
"../../../../../../Ashley/Documents/ForestHuntCleaned/ForestHunt/Content/AdvancedVillagePack/Textures/Landscape/T_Foliage_Var01_O.uasset" 327
"../../../../../../Ashley/Documents/ForestHuntCleaned/ForestHunt/Content/AdvancedVillagePack/Materials/M_Inst_Landscape_Foliage_Var01.uasset" 328
"../../../../../../Ashley/Documents/ForestHuntCleaned/ForestHunt/Content/AdvancedVillagePack/Meshes/SM_GrassPatch_Var01.uasset" 329
"../../../../../../Ashley/Documents/ForestHuntCleaned/ForestHunt/Content/AdvancedVillagePack/Materials/M_Simple_Cutout_Wind.uasset" 330
"../../../../../../Ashley/Documents/ForestHuntCleaned/ForestHunt/Content/AdvancedVillagePack/Textures/Landscape/T_Foliage_Var02_D.uasset" 331
"../../../../../../Ashley/Documents/ForestHuntCleaned/ForestHunt/Content/AdvancedVillagePack/Textures/Landscape/T_Foliage_Var02_O.uasset" 332
"../../../../../../Ashley/Documents/ForestHuntCleaned/ForestHunt/Content/AdvancedVillagePack/Materials/M_Inst_Landscape_Foliage_Var02.uasset" 333
"../../../../../../Ashley/Documents/ForestHuntCleaned/ForestHunt/Content/AdvancedVillagePack/Meshes/SM_GrassPatch_Var02.uasset" 334
"../../../../../../Ashley/Documents/ForestHuntCleaned/ForestHunt/Content/AdvancedVillagePack/Textures/Landscape/T_Foliage_Var03_D.uasset" 335
"../../../../../../Ashley/Documents/ForestHuntCleaned/ForestHunt/Content/AdvancedVillagePack/Textures/Landscape/T_Foliage_Var03_O.uasset" 336
"../../../../../../Ashley/Documents/ForestHuntCleaned/ForestHunt/Content/AdvancedVillagePack/Materials/M_Inst_Landscape_Foliage_Var03.uasset" 337
"../../../../../../Ashley/Documents/ForestHuntCleaned/ForestHunt/Content/AdvancedVillagePack/Meshes/SM_GrassPatch_Var03.uasset" 338
"../../../../../../Ashley/Documents/ForestHuntCleaned/ForestHunt/Content/AdvancedVillagePack/Textures/T_Pack_06_D.uasset" 339
"../../../../../../Ashley/Documents/ForestHuntCleaned/ForestHunt/Content/AdvancedVillagePack/Textures/T_Pack_06_N.uasset" 340
"../../../../../../Ashley/Documents/ForestHuntCleaned/ForestHunt/Content/AdvancedVillagePack/Textures/T_Pack_06_RM.uasset" 341
"../../../../../../Ashley/Documents/ForestHuntCleaned/ForestHunt/Content/AdvancedVillagePack/Materials/M_Inst_Pack_06.uasset" 342
"../../../../../../Ashley/Documents/ForestHuntCleaned/ForestHunt/Content/AdvancedVillagePack/Meshes/SM_Treestump_Var01.uasset" 343
"../../../../../../Ashley/Documents/ForestHuntCleaned/ForestHunt/Content/AdvancedVillagePack/Meshes/SM_Treestump_Var02.uasset" 344
"../../../../../../Ashley/Documents/ForestHuntCleaned/ForestHunt/Content/Forest_Pack/Textures/Forest_Pack.uasset" 345
"../../../../../../Ashley/Documents/ForestHuntCleaned/ForestHunt/Content/Forest_Pack/Materials/Forest_Pack.uasset" 346
"../../../../../../Ashley/Documents/ForestHuntCleaned/ForestHunt/Content/Forest_Pack/Meshes/Misc/B_04_Log_01.uasset" 347
"../../../../../../Ashley/Documents/ForestHuntCleaned/ForestHunt/Content/Forest_Pack/Meshes/Misc/B_04_Log_02.uasset" 348
"../../../../../../Ashley/Documents/ForestHuntCleaned/ForestHunt/Content/Props/TentCanvas_M.uasset" 349
"../../../../../../Ashley/Documents/ForestHuntCleaned/ForestHunt/Content/Props/TentPole_M.uasset" 350
"../../../../../../Ashley/Documents/ForestHuntCleaned/ForestHunt/Content/Props/Tent.uasset" 351
"../../../../../../Ashley/Documents/ForestHuntCleaned/ForestHunt/Content/Maps/MainMap.umap" 352
"../../../../../../Ashley/Documents/ForestHuntCleaned/ForestHunt/Content/MainMenu/MainMenu.uasset" 353
"../../../../../../Ashley/Documents/ForestHuntCleaned/ForestHunt/Content/Maps/MainMenu.umap" 354
"../../../Engine/Content/Maps/Entry_BuiltData.uasset" 355
"../../../Engine/Content/Maps/Entry.umap" 356
